<?xml version="1.0" encoding="UTF-8"?>
<!-- Generated by org.testng.reporters.JUnitReportReporter -->
<testsuite hostname="Saint-Honey" failures="0" tests="1" name="Runner.TestRunner" time="0.097" errors="0" timestamp="2020-12-03T09:04:45 IST" skipped="0">
  <testcase classname="Runner.TestRunner" name="feature" time="0.097"/>
  <system-out/>
</testsuite> <!-- Runner.TestRunner -->
