<?xml version="1.0" encoding="UTF-8"?>
<!-- Generated by org.testng.reporters.JUnitReportReporter -->
<testsuite hostname="Saint-Honey" failures="0" tests="1" name="freecrmsprint.crmlogin" time="0.000" errors="0" timestamp="2020-12-03T09:04:45 IST" skipped="1">
  <testcase classname="freecrmsprint.crmlogin" name="loginSuccess" time="0.000">
    <skipped/>
  </testcase> <!-- loginSuccess -->
  <system-out/>
</testsuite> <!-- freecrmsprint.crmlogin -->
